<?xml version="1.0" encoding="UTF-8"?>
<!-- Generated by org.testng.reporters.JUnitXMLReporter -->
<testsuite ignored="0" hostname="YI-LINGs-MBP.modem" failures="0" tests="4" name="Surefire test" time="0.044" errors="0" timestamp="19 Feb 2021 12:17:13 GMT">
  <testcase classname="org.example.AppiumTest" name="NativeAppAndroid on NativeAppAndroid(org.example.AppiumTest)" time="0.015"/>
  <testcase classname="org.example.AppiumTest" name="iOS on iOS(org.example.AppiumTest)" time="0.004"/>
  <testcase classname="org.example.SeleniumTest" name="elementsUI on elementsUI(org.example.SeleniumTest)" time="0.001"/>
  <testcase classname="org.example.SeleniumTest" name="browserAutomation on browserAutomation(org.example.SeleniumTest)" time="0.001"/>
</testsuite> <!-- Surefire test -->
