<?xml version="1.0" encoding="UTF-8"?>
<!-- Generated by org.testng.reporters.JUnitXMLReporter -->
<testsuite ignored="0" hostname="YI-LINGs-MBP.modem" failures="0" tests="4" name="Command line test" time="0.018" errors="0" timestamp="23 Feb 2021 10:59:02 GMT">
  <testcase classname="org.example.AppiumTest" name="NativeAppAndroid" time="0.003"/>
  <testcase classname="org.example.AppiumTest" name="iOS" time="0.0"/>
  <testcase classname="org.example.SeleniumTest" name="browserAutomation" time="0.0"/>
  <testcase classname="org.example.SeleniumTest" name="elementsUI" time="0.0"/>
</testsuite> <!-- Command line test -->
