<?xml version="1.0" encoding="UTF-8"?>
<!-- Generated by org.testng.reporters.JUnitXMLReporter -->
<testsuite ignored="0" hostname="YI-LINGs-MBP.modem" failures="0" tests="6" name="Test" time="0.016" errors="0" timestamp="21 Feb 2021 06:23:25 GMT">
  <testcase classname="org.example.AppiumTest" name="NativeAppAndroid" time="0.004"/>
  <testcase classname="org.example.AppiumTest" name="iOS" time="0.001"/>
  <testcase classname="org.example.RESTAPItest" name="deleteTwitter" time="0.001"/>
  <testcase classname="org.example.RESTAPItest" name="postJira" time="0.0"/>
  <testcase classname="org.example.SeleniumTest" name="browserAutomation" time="0.001"/>
  <testcase classname="org.example.SeleniumTest" name="elementsUI" time="0.0"/>
</testsuite> <!-- Test -->
