<?xml version="1.0" encoding="UTF-8"?>
<testsuite xmlns:xsi="http://www.w3.org/2001/XMLSchema-instance" xsi:noNamespaceSchemaLocation="https://maven.apache.org/surefire/maven-surefire-plugin/xsd/surefire-test-report-3.0.xsd" version="3.0" name="TestSuite" time="0.252" tests="6" errors="0" skipped="0" failures="0">
  <properties>
[...]
</properties>
  <testcase name="NativeAppAndroid" classname="org.example.AppiumTest" time="0.003">
    <system-out><![CDATA[native
]]></system-out>
  </testcase>
  <testcase name="iOS" classname="org.example.AppiumTest" time="0.001">
    <system-out><![CDATA[ios
]]></system-out>
  </testcase>
  <testcase name="deleteTwitter" classname="org.example.RESTAPItest" time="0">
    <system-out><![CDATA[twit
]]></system-out>
  </testcase>
  <testcase name="postJira" classname="org.example.RESTAPItest" time="0">
    <system-out><![CDATA[jira
]]></system-out>
  </testcase>
  <testcase name="browserAutomation" classname="org.example.SeleniumTest" time="0">
    <system-out><![CDATA[browser auto
]]></system-out>
  </testcase>
  <testcase name="elementsUI" classname="org.example.SeleniumTest" time="0">
    <system-out><![CDATA[elementui
]]></system-out>
  </testcase>
</testsuite>