<?xml version="1.0" encoding="UTF-8"?>
<testng-results ignored="0" total="6" passed="6" failed="0" skipped="0">
  <reporter-output>
  </reporter-output>
  <suite started-at="2021-02-21T06:23:25Z" name="Suite" finished-at="2021-02-21T06:23:25Z" duration-ms="16">
    <groups>
    </groups>
    <test started-at="2021-02-21T06:23:25Z" name="Test" finished-at="2021-02-21T06:23:25Z" duration-ms="16">
      <class name="org.example.AppiumTest">
        <test-method signature="NativeAppAndroid()[pri:0, instance:org.example.AppiumTest@49070868]" started-at="2021-02-21T06:23:25Z" name="NativeAppAndroid" finished-at="2021-02-21T06:23:25Z" duration-ms="4" status="PASS">
          <reporter-output>
          </reporter-output>
        </test-method> <!-- NativeAppAndroid -->
        <test-method signature="iOS()[pri:0, instance:org.example.AppiumTest@49070868]" started-at="2021-02-21T06:23:25Z" name="iOS" finished-at="2021-02-21T06:23:25Z" duration-ms="1" status="PASS">
          <reporter-output>
          </reporter-output>
        </test-method> <!-- iOS -->
      </class> <!-- org.example.AppiumTest -->
      <class name="org.example.SeleniumTest">
        <test-method signature="browserAutomation()[pri:0, instance:org.example.SeleniumTest@38364841]" started-at="2021-02-21T06:23:25Z" name="browserAutomation" finished-at="2021-02-21T06:23:25Z" duration-ms="1" status="PASS">
          <reporter-output>
          </reporter-output>
        </test-method> <!-- browserAutomation -->
        <test-method signature="elementsUI()[pri:0, instance:org.example.SeleniumTest@38364841]" started-at="2021-02-21T06:23:25Z" name="elementsUI" finished-at="2021-02-21T06:23:25Z" duration-ms="0" status="PASS">
          <reporter-output>
          </reporter-output>
        </test-method> <!-- elementsUI -->
      </class> <!-- org.example.SeleniumTest -->
      <class name="org.example.RESTAPItest">
        <test-method signature="deleteTwitter()[pri:0, instance:org.example.RESTAPItest@6385cb26]" started-at="2021-02-21T06:23:25Z" name="deleteTwitter" finished-at="2021-02-21T06:23:25Z" duration-ms="1" status="PASS">
          <reporter-output>
          </reporter-output>
        </test-method> <!-- deleteTwitter -->
        <test-method signature="postJira()[pri:0, instance:org.example.RESTAPItest@6385cb26]" started-at="2021-02-21T06:23:25Z" name="postJira" finished-at="2021-02-21T06:23:25Z" duration-ms="0" status="PASS">
          <reporter-output>
          </reporter-output>
        </test-method> <!-- postJira -->
      </class> <!-- org.example.RESTAPItest -->
    </test> <!-- Test -->
  </suite> <!-- Suite -->
</testng-results>
