<?xml version="1.0" encoding="UTF-8"?>
<testng-results ignored="0" total="4" passed="4" failed="0" skipped="0">
  <reporter-output>
  </reporter-output>
  <suite started-at="2021-02-19T12:17:13Z" name="Surefire suite" finished-at="2021-02-19T12:17:13Z" duration-ms="44">
    <groups>
    </groups>
    <test started-at="2021-02-19T12:17:13Z" name="Surefire test" finished-at="2021-02-19T12:17:13Z" duration-ms="44">
      <class name="org.example.SeleniumTest">
        <test-method signature="elementsUI()" started-at="2021-02-19T12:17:13Z" name="elementsUI" finished-at="2021-02-19T12:17:13Z" duration-ms="1" status="PASS">
          <reporter-output>
          </reporter-output>
        </test-method> <!-- elementsUI -->
        <test-method signature="browserAutomation()" started-at="2021-02-19T12:17:13Z" name="browserAutomation" finished-at="2021-02-19T12:17:13Z" duration-ms="1" status="PASS">
          <reporter-output>
          </reporter-output>
        </test-method> <!-- browserAutomation -->
      </class> <!-- org.example.SeleniumTest -->
      <class name="org.example.AppiumTest">
        <test-method signature="NativeAppAndroid()" started-at="2021-02-19T12:17:13Z" name="NativeAppAndroid" finished-at="2021-02-19T12:17:13Z" duration-ms="15" status="PASS">
          <reporter-output>
          </reporter-output>
        </test-method> <!-- NativeAppAndroid -->
        <test-method signature="iOS()" started-at="2021-02-19T12:17:13Z" name="iOS" finished-at="2021-02-19T12:17:13Z" duration-ms="4" status="PASS">
          <reporter-output>
          </reporter-output>
        </test-method> <!-- iOS -->
      </class> <!-- org.example.AppiumTest -->
    </test> <!-- Surefire test -->
  </suite> <!-- Surefire suite -->
</testng-results>
