<?xml version="1.0" encoding="UTF-8"?>
<!-- Generated by org.testng.reporters.JUnitXMLReporter -->
<testsuite ignored="0" hostname="YI-LINGs-MBP.modem" failures="0" tests="4" name="/Users/yi-linglo/IDEAproject/mavenJava/mavenJava" time="0.016" errors="0" timestamp="21 Feb 2021 07:18:10 GMT">
  <testcase classname="org.example.AppiumTest" name="NativeAppAndroid" time="0.004"/>
  <testcase classname="org.example.AppiumTest" name="iOS" time="0.0"/>
  <testcase classname="org.example.RESTAPItest" name="postJira" time="0.0"/>
  <testcase classname="org.example.RESTAPItest" name="deleteTwitter" time="0.0"/>
</testsuite> <!-- /Users/yi-linglo/IDEAproject/mavenJava/mavenJava -->
